2012-10-21 12:57:34.615+0000: WARNING! Deprecated configuration options used. See manual for details
2012-10-21 12:57:34.624+0000: cannot configure writers and searchers individually since they go together
2012-10-21 12:57:34.733+0000: Creating new db @ C:\Users\Fusian\workspace\thirdyearproject\src\main\resources\data\neostore
2012-10-21 12:57:34.794+0000: [C:\Users\Fusian\workspace\thirdyearproject\src\main\resources\data\neostore.nodestore.db] brickCount=0 brickSize=41940b mappedMem=4194304b (storeSize=0b)
2012-10-21 12:57:34.800+0000: C:\Users\Fusian\workspace\thirdyearproject\src\main\resources\data\neostore.nodestore.db hit=1 miss=0 switches=0 ooe=0
2012-10-21 12:57:34.893+0000: [C:\Users\Fusian\workspace\thirdyearproject\src\main\resources\data\neostore.relationshiptypestore.db.names] brickCount=0 brickSize=0b mappedMem=0b (storeSize=38b)
2012-10-21 12:57:34.899+0000: [C:\Users\Fusian\workspace\thirdyearproject\src\main\resources\data\neostore.relationshiptypestore.db] brickCount=0 brickSize=0b mappedMem=0b (storeSize=0b)
2012-10-21 12:57:34.900+0000: C:\Users\Fusian\workspace\thirdyearproject\src\main\resources\data\neostore.relationshiptypestore.db.names hit=0 miss=0 switches=0 ooe=0
2012-10-21 12:57:34.903+0000: C:\Users\Fusian\workspace\thirdyearproject\src\main\resources\data\neostore.relationshiptypestore.db hit=0 miss=0 switches=0 ooe=0
2012-10-21 12:57:34.914+0000: [C:\Users\Fusian\workspace\thirdyearproject\src\main\resources\data\neostore.relationshiptypestore.db.names] brickCount=0 brickSize=0b mappedMem=0b (storeSize=38b)
2012-10-21 12:57:34.919+0000: [C:\Users\Fusian\workspace\thirdyearproject\src\main\resources\data\neostore.relationshiptypestore.db] brickCount=0 brickSize=0b mappedMem=0b (storeSize=0b)
2012-10-21 12:57:34.924+0000: [C:\Users\Fusian\workspace\thirdyearproject\src\main\resources\data\neostore.propertystore.db.strings] brickCount=0 brickSize=12544b mappedMem=12582912b (storeSize=128b)
2012-10-21 12:57:34.928+0000: [C:\Users\Fusian\workspace\thirdyearproject\src\main\resources\data\neostore.propertystore.db.index.keys] brickCount=0 brickSize=1026b mappedMem=1048576b (storeSize=38b)
2012-10-21 12:57:34.931+0000: [C:\Users\Fusian\workspace\thirdyearproject\src\main\resources\data\neostore.propertystore.db.index] brickCount=0 brickSize=10485b mappedMem=1048576b (storeSize=0b)
2012-10-21 12:57:34.937+0000: [C:\Users\Fusian\workspace\thirdyearproject\src\main\resources\data\neostore.propertystore.db.arrays] brickCount=0 brickSize=14592b mappedMem=14680064b (storeSize=128b)
2012-10-21 12:57:34.942+0000: [C:\Users\Fusian\workspace\thirdyearproject\src\main\resources\data\neostore.propertystore.db] brickCount=0 brickSize=157276b mappedMem=15728640b (storeSize=0b)
2012-10-21 12:57:34.946+0000: [C:\Users\Fusian\workspace\thirdyearproject\src\main\resources\data\neostore.relationshipstore.db] brickCount=0 brickSize=188727b mappedMem=18874368b (storeSize=0b)
2012-10-21 12:57:34.950+0000: [C:\Users\Fusian\workspace\thirdyearproject\src\main\resources\data\neostore.nodestore.db] brickCount=0 brickSize=4194b mappedMem=4194304b (storeSize=9b)
2012-10-21 12:57:34.954+0000: [C:\Users\Fusian\workspace\thirdyearproject\src\main\resources\data\neostore] brickCount=0 brickSize=0b mappedMem=0b (storeSize=0b)
2012-10-21 12:57:34.963+0000: C:\Users\Fusian\workspace\thirdyearproject\src\main\resources\data\neostore.relationshiptypestore.db.names hit=0 miss=0 switches=0 ooe=0
2012-10-21 12:57:34.967+0000: C:\Users\Fusian\workspace\thirdyearproject\src\main\resources\data\neostore.relationshiptypestore.db hit=0 miss=0 switches=0 ooe=0
2012-10-21 12:57:34.973+0000: C:\Users\Fusian\workspace\thirdyearproject\src\main\resources\data\neostore.propertystore.db.strings hit=0 miss=0 switches=0 ooe=0
2012-10-21 12:57:34.977+0000: C:\Users\Fusian\workspace\thirdyearproject\src\main\resources\data\neostore.propertystore.db.index.keys hit=0 miss=0 switches=0 ooe=0
2012-10-21 12:57:34.981+0000: C:\Users\Fusian\workspace\thirdyearproject\src\main\resources\data\neostore.propertystore.db.index hit=0 miss=0 switches=0 ooe=0
2012-10-21 12:57:34.987+0000: C:\Users\Fusian\workspace\thirdyearproject\src\main\resources\data\neostore.propertystore.db.arrays hit=0 miss=0 switches=0 ooe=0
2012-10-21 12:57:34.992+0000: C:\Users\Fusian\workspace\thirdyearproject\src\main\resources\data\neostore.propertystore.db hit=0 miss=0 switches=0 ooe=0
2012-10-21 12:57:34.998+0000: C:\Users\Fusian\workspace\thirdyearproject\src\main\resources\data\neostore.relationshipstore.db hit=0 miss=0 switches=0 ooe=0
2012-10-21 12:57:35.003+0000: C:\Users\Fusian\workspace\thirdyearproject\src\main\resources\data\neostore.nodestore.db hit=0 miss=0 switches=0 ooe=0
2012-10-21 12:57:35.007+0000: C:\Users\Fusian\workspace\thirdyearproject\src\main\resources\data\neostore hit=0 miss=8 switches=0 ooe=0
2012-10-21 12:57:35.023+0000: [C:\Users\Fusian\workspace\thirdyearproject\src\main\resources\data\neostore.relationshiptypestore.db.names] brickCount=0 brickSize=0b mappedMem=0b (storeSize=38b)
2012-10-21 12:57:35.029+0000: [C:\Users\Fusian\workspace\thirdyearproject\src\main\resources\data\neostore.relationshiptypestore.db] brickCount=0 brickSize=0b mappedMem=0b (storeSize=0b)
2012-10-21 12:57:35.038+0000: [C:\Users\Fusian\workspace\thirdyearproject\src\main\resources\data\neostore.propertystore.db.strings] brickCount=0 brickSize=12544b mappedMem=12582912b (storeSize=128b)
2012-10-21 12:57:35.046+0000: [C:\Users\Fusian\workspace\thirdyearproject\src\main\resources\data\neostore.propertystore.db.index.keys] brickCount=0 brickSize=1026b mappedMem=1048576b (storeSize=38b)
2012-10-21 12:57:35.056+0000: [C:\Users\Fusian\workspace\thirdyearproject\src\main\resources\data\neostore.propertystore.db.index] brickCount=0 brickSize=10485b mappedMem=1048576b (storeSize=0b)
2012-10-21 12:57:35.065+0000: [C:\Users\Fusian\workspace\thirdyearproject\src\main\resources\data\neostore.propertystore.db.arrays] brickCount=0 brickSize=14592b mappedMem=14680064b (storeSize=128b)
2012-10-21 12:57:35.069+0000: [C:\Users\Fusian\workspace\thirdyearproject\src\main\resources\data\neostore.propertystore.db] brickCount=0 brickSize=157276b mappedMem=15728640b (storeSize=0b)
2012-10-21 12:57:35.074+0000: [C:\Users\Fusian\workspace\thirdyearproject\src\main\resources\data\neostore.relationshipstore.db] brickCount=0 brickSize=188727b mappedMem=18874368b (storeSize=0b)
2012-10-21 12:57:35.078+0000: [C:\Users\Fusian\workspace\thirdyearproject\src\main\resources\data\neostore.nodestore.db] brickCount=0 brickSize=4194b mappedMem=4194304b (storeSize=9b)
2012-10-21 12:57:35.118+0000: [C:\Users\Fusian\workspace\thirdyearproject\src\main\resources\data\neostore] brickCount=0 brickSize=0b mappedMem=0b (storeSize=54b)
2012-10-21 12:57:35.149+0000: Opened logical log [C:\Users\Fusian\workspace\thirdyearproject\src\main\resources\data\nioneo_logical.log.1] version=0, lastTxId=1 (clean)
2012-10-21 12:57:35.172+0000: TM new log: tm_tx_log.1
2012-10-21 12:57:35.226+0000: Opened logical log [C:\Users\Fusian\workspace\thirdyearproject\src\main\resources\data\index\lucene.log.1] version=0, lastTxId=1 (clean)
2012-10-21 12:57:35.243+0000: --- STARTUP diagnostics START ---
2012-10-21 12:57:35.247+0000: Neo4j Kernel properties:
    forced_kernel_id=
    read_only=false
    neo4j.ext.udc.host=udc.neo4j.org
    logical_log=nioneo_logical.log
    node_auto_indexing=false
    intercept_committing_transactions=false
    remote_shell_name=shell
    cache_type=soft
    intercept_deserialized_transactions=false
    lucene_searcher_cache_size=2147483647
    neo4j.ext.udc.interval=86400000
    use_memory_mapped_buffers=false
    rebuild_idgenerators_fast=true
    neostore.propertystore.db.index.keys.mapped_memory=1M
    neostore.propertystore.db.arrays.mapped_memory=14M
    neostore.propertystore.db.strings.mapped_memory=12M
    gcr_cache_min_log_interval=60s
    relationship_grab_size=100
    relationship_auto_indexing=false
    remote_shell_read_only=false
    node_cache_array_fraction=1.0
    allow_store_upgrade=false
    execution_guard_enabled=false
    relationship_cache_array_fraction=1.0
    remote_logging_host=127.0.0.1
    store_dir=C:/Users/Fusian/workspace/thirdyearproject/src/main/resources/data
    online_backup_enabled=false
    remote_logging_port=4560
    gc_monitor_threshold=200ms
    array_block_size=120
    load_kernel_extensions=true
    neostore.relationshipstore.db.mapped_memory=18M
    keep_logical_logs=true
    dump_configuration=false
    gc_monitor_wait_time=100ms
    neostore.nodestore.db.mapped_memory=4M
    neo4j.ext.udc.first_delay=600000
    remote_shell_enabled=false
    neo4j.ext.udc.reg=unreg
    remote_shell_port=1337
    ephemeral=false
    neo_store=neostore
    logging.threshold_for_rotation=104857600
    neostore.propertystore.db.index.mapped_memory=1M
    backup_slave=false
    neostore.propertystore.db.mapped_memory=15M
    string_block_size=120
    grab_file_lock=true
    remote_logging_enabled=false
    neo4j.ext.udc.enabled=true
    online_backup_port=6362
2012-10-21 12:57:35.253+0000: Diagnostics providers:
    org.neo4j.kernel.configuration.Config
    org.neo4j.kernel.info.DiagnosticsManager
    SYSTEM_MEMORY
    JAVA_MEMORY
    OPERATING_SYSTEM
    JAVA_VIRTUAL_MACHINE
    CLASSPATH
    LIBRARY_PATH
    SYSTEM_PROPERTIES
    NETWORK
2012-10-21 12:57:35.254+0000: System memory information:
    Total Physical memory: 2.96 GB
    Free Physical memory: 1.18 GB
    Committed virtual memory: 44.24 MB
    Total swap space: 4.00 GB
    Free swap space: 3.12 GB
2012-10-21 12:57:35.261+0000: JVM memory information:
    Free  memory: 10.79 MB
    Total memory: 15.50 MB
    Max   memory: 247.50 MB
    Garbage Collector: Copy: [Eden Space, Survivor Space]
    Garbage Collector: MarkSweepCompact: [Eden Space, Survivor Space, Tenured Gen, Perm Gen, Perm Gen [shared-ro], Perm Gen [shared-rw]]
    Memory Pool: Code Cache (Non-heap memory): committed=704.00 kB, used=679.81 kB, max=32.00 MB, threshold=0.00 B
    Memory Pool: Eden Space (Heap memory): committed=4.31 MB, used=4.31 MB, max=68.31 MB, threshold=?
    Memory Pool: Survivor Space (Heap memory): committed=512.00 kB, used=200.02 kB, max=8.50 MB, threshold=?
    Memory Pool: Tenured Gen (Heap memory): committed=10.69 MB, used=265.30 kB, max=170.69 MB, threshold=0.00 B
    Memory Pool: Perm Gen (Non-heap memory): committed=12.00 MB, used=2.44 MB, max=64.00 MB, threshold=0.00 B
    Memory Pool: Perm Gen [shared-ro] (Non-heap memory): committed=10.00 MB, used=5.48 MB, max=10.00 MB, threshold=0.00 B
    Memory Pool: Perm Gen [shared-rw] (Non-heap memory): committed=12.00 MB, used=6.62 MB, max=12.00 MB, threshold=0.00 B
2012-10-21 12:57:35.273+0000: Operating system information:
    Operating System: Windows 7; version: 6.1; arch: x86; cpus: 2
    Process id: 2336@Fusian-PC
    Byte order: LITTLE_ENDIAN
    Local timezone: Europe/London
2012-10-21 12:57:35.292+0000: JVM information:
    VM Name: Java HotSpot(TM) Client VM
    VM Vendor: Sun Microsystems Inc.
    VM Version: 17.0-b17
    JIT compiler: HotSpot Client Compiler
    VM Arguments: [-Dfile.encoding=Cp1252]
2012-10-21 12:57:35.293+0000: Java classpath:
     [classpath + loader.0] file:/C:/Users/Fusian/.m2/repository/org/neo4j/neo4j-lucene-index/1.8/neo4j-lucene-index-1.8.jar
     [classpath + loader.0] file:/C:/Users/Fusian/.m2/repository/org/neo4j/neo4j-graph-matching/1.8/neo4j-graph-matching-1.8.jar
     [bootstrap] C:\Program Files (x86)\Java\jdk1.6.0_21\jre\lib\jce.jar
     [classpath + loader.0] file:/C:/Users/Fusian/Documents/pq/neo4j-community-1.8/lib/neo4j-graph-matching-1.8.jar
     [classpath + loader.0] file:/C:/Users/Fusian/Documents/pq/neo4j-community-1.8/lib/neo4j-graph-algo-1.8.jar
     [bootstrap] C:\Program Files (x86)\Java\jdk1.6.0_21\jre\lib\charsets.jar
     [bootstrap] C:\Program Files (x86)\Java\jdk1.6.0_21\jre\lib\rt.jar
     [classpath + loader.0] file:/C:/Users/Fusian/.m2/repository/org/neo4j/neo4j-udc/1.8/neo4j-udc-1.8.jar
     [classpath + loader.0] file:/C:/Users/Fusian/.m2/repository/org/apache/geronimo/specs/geronimo-jta_1.1_spec/1.1.1/geronimo-jta_1.1_spec-1.1.1.jar
     [classpath + loader.0] file:/C:/Users/Fusian/workspace/thirdyearproject/target/classes/
     [classpath + loader.0] file:/C:/Users/Fusian/.m2/repository/org/neo4j/neo4j-graph-algo/1.8/neo4j-graph-algo-1.8.jar
     [classpath + loader.0] file:/C:/Users/Fusian/.m2/repository/org/apache/lucene/lucene-core/3.5.0/lucene-core-3.5.0.jar
     [classpath + loader.0] file:/C:/Users/Fusian/.m2/repository/org/neo4j/neo4j/1.8/neo4j-1.8.jar
     [classpath + loader.0] file:/C:/Users/Fusian/Documents/pq/neo4j-community-1.8/lib/neo4j-lucene-index-1.8.jar
     [bootstrap] C:\Program Files (x86)\Java\jdk1.6.0_21\jre\classes
     [classpath + loader.0] file:/C:/Users/Fusian/Documents/pq/neo4j-community-1.8/lib/neo4j-udc-1.8.jar
     [classpath + loader.0] file:/C:/Users/Fusian/Documents/pq/neo4j-community-1.8/lib/neo4j-jmx-1.8.jar
     [loader.1] file:/C:/Program%20Files%20(x86)/Java/jdk1.6.0_21/jre/lib/ext/sunpkcs11.jar
     [classpath + loader.0] file:/C:/Users/Fusian/Documents/pq/neo4j-community-1.8/lib/neo4j-cypher-1.8.jar
     [classpath + loader.0] file:/C:/Users/Fusian/Documents/pq/neo4j-community-1.8/lib/lucene-core-3.5.0.jar
     [bootstrap] C:\Program Files (x86)\Java\jdk1.6.0_21\jre\lib\sunrsasign.jar
     [classpath + loader.0] file:/C:/Users/Fusian/Documents/pq/neo4j-community-1.8/lib/neo4j-shell-1.8.jar
     [bootstrap] C:\Program Files (x86)\Java\jdk1.6.0_21\jre\lib\jsse.jar
     [classpath + loader.0] file:/C:/Users/Fusian/Documents/pq/neo4j-community-1.8/lib/org.apache.servicemix.bundles.jline-0.9.94_1.jar
     [classpath + loader.0] file:/C:/Users/Fusian/Documents/pq/neo4j-community-1.8/lib/server-api-1.8.jar
     [bootstrap] C:\Program Files (x86)\Java\jdk1.6.0_21\jre\lib\resources.jar
     [loader.1] file:/C:/Program%20Files%20(x86)/Java/jdk1.6.0_21/jre/lib/ext/dnsns.jar
     [classpath + loader.0] file:/C:/Users/Fusian/.m2/repository/org/scala-lang/scala-library/2.9.1-1/scala-library-2.9.1-1.jar
     [loader.1] file:/C:/Program%20Files%20(x86)/Java/jdk1.6.0_21/jre/lib/ext/sunjce_provider.jar
     [classpath + loader.0] file:/C:/Users/Fusian/Documents/pq/neo4j-community-1.8/lib/neo4j-kernel-1.8.jar
     [loader.1] file:/C:/Program%20Files%20(x86)/Java/jdk1.6.0_21/jre/lib/ext/sunmscapi.jar
     [loader.1] file:/C:/Program%20Files%20(x86)/Java/jdk1.6.0_21/jre/lib/ext/localedata.jar
     [classpath + loader.0] file:/C:/Users/Fusian/.m2/repository/org/neo4j/neo4j-kernel/1.8/neo4j-kernel-1.8.jar
     [classpath + loader.0] file:/C:/Users/Fusian/Documents/pq/neo4j-community-1.8/lib/scala-library-2.9.1-1.jar
     [classpath + loader.0] file:/C:/Users/Fusian/.m2/repository/org/neo4j/neo4j-jmx/1.8/neo4j-jmx-1.8.jar
     [classpath + loader.0] file:/C:/Users/Fusian/.m2/repository/org/neo4j/neo4j-cypher/1.8/neo4j-cypher-1.8.jar
     [classpath + loader.0] file:/C:/Users/Fusian/Documents/pq/neo4j-community-1.8/lib/geronimo-jta_1.1_spec-1.1.1.jar
2012-10-21 12:57:35.315+0000: Library path:
    C:\Program Files (x86)\Java\jdk1.6.0_21\bin
    C:\Users\Fusian\workspace\thirdyearproject
    C:\Windows\Sun\Java\bin
    C:\Windows\System32
    C:\Windows
    C:\Program Files (x86)\Java\jdk1.6.0_21\jre\bin\client
    C:\Program Files (x86)\Java\jdk1.6.0_21\jre\bin
    C:\Program Files (x86)\Java\jdk1.6.0_21\jre\lib\i386
    C:\dev\progs\PHP
    C:\Program Files\Common Files\Microsoft Shared\Windows Live
    C:\Program Files (x86)\Common Files\microsoft shared\Windows Live
    C:\Program Files (x86)\Java\jdk1.6.0_21\bin
    C:\Program Files\MATLAB\R2011a\runtime\win64
    C:\Program Files\MATLAB\R2011a\bin
    C:\dev\progs\MySQL\bin
    C:\Program Files (x86)\Windows Live\Shared
    C:\Program Files\maven\apache-maven-3.0.4\bin
    C:\Users\Fusian\Documents\eclipse
2012-10-21 12:57:35.326+0000: System.properties:
    sun.boot.library.path = C:\Program Files (x86)\Java\jdk1.6.0_21\jre\bin
    path.separator = ;
    file.encoding.pkg = sun.io
    sun.java.launcher = SUN_STANDARD
    user.country = GB
    sun.os.patch.level = 
    user.dir = C:\Users\Fusian\workspace\thirdyearproject
    user.variant = 
    sun.jnu.encoding = Cp1252
    sun.management.compiler = HotSpot Client Compiler
    user.home = C:\Users\Fusian
    user.timezone = Europe/London
    file.encoding = Cp1252
    user.name = Fusian
    sun.arch.data.model = 32
    user.language = en
    awt.toolkit = sun.awt.windows.WToolkit
    file.separator = \
    sun.io.unicode.encoding = UnicodeLittle
    sun.cpu.endian = little
    sun.desktop = windows
    sun.cpu.isalist = pentium_pro+mmx pentium_pro pentium+mmx pentium i486 i386 i86
2012-10-21 12:57:35.327+0000: Network information:
    Interface Software Loopback Interface 1:
        address: 0:0:0:0:0:0:0:1
        address: 127.0.0.1
    Interface WAN Miniport (SSTP):
    Interface WAN Miniport (IKEv2):
    Interface WAN Miniport (L2TP):
    Interface WAN Miniport (PPTP):
    Interface WAN Miniport (PPPOE):
    Interface WAN Miniport (IPv6):
    Interface WAN Miniport (Network Monitor):
    Interface WAN Miniport (IP):
    Interface RAS Async Adapter:
    Interface Marvell Yukon 88E8040 PCI-E Fast Ethernet Controller:
        address: fe80:0:0:0:712e:e497:8b09:4e89%11
    Interface Dell Wireless 1397 WLAN Mini-Card:
        address: fe80:0:0:0:4566:5c77:66f7:2933%12
        address: 192.168.0.5
    Interface Teredo Tunneling Pseudo-Interface:
    Interface Microsoft 6to4 Adapter:
    Interface Microsoft 6to4 Adapter #2:
    Interface PdaNet Broadband Adapter:
    Interface Microsoft ISATAP Adapter:
    Interface Teredo Tunneling Pseudo-Interface:
        address: 2001:0:5ef5:79fb:1cda:6f2:a9e6:46de
        address: fe80:0:0:0:1cda:6f2:a9e6:46de%18
    Interface Microsoft ISATAP Adapter #2:
        address: fe80:0:0:0:0:5efe:c0a8:5%19
    Interface Microsoft ISATAP Adapter #3:
    Interface Dell Wireless 1397 WLAN Mini-Card-Virtual WiFi Filter Driver-0000:
    Interface Dell Wireless 1397 WLAN Mini-Card-QoS Packet Scheduler-0000:
    Interface Marvell Yukon 88E8040 PCI-E Fast Ethernet Controller-QoS Packet Scheduler-0000:
    Interface Marvell Yukon 88E8040 PCI-E Fast Ethernet Controller-WFP LightWeight Filter-0000:
    Interface WAN Miniport (IPv6)-QoS Packet Scheduler-0000:
    Interface WAN Miniport (IP)-QoS Packet Scheduler-0000:
    Interface WAN Miniport (Network Monitor)-QoS Packet Scheduler-0000:
    Interface Dell Wireless 1397 WLAN Mini-Card-Native WiFi Filter Driver-0000:
    Interface Dell Wireless 1397 WLAN Mini-Card-WFP LightWeight Filter-0000:
2012-10-21 12:57:35.349+0000: --- STARTUP diagnostics END ---
2012-10-21 12:57:35.453+0000: Extension org.neo4j.kernel.KernelExtension[kernel jmx] loaded ok
2012-10-21 12:57:35.459+0000: Extension org.neo4j.kernel.KernelExtension[kernel udc] loaded ok
2012-10-21 12:57:35.460+0000: Extension org.neo4j.kernel.KernelExtension[shell] loaded ok
2012-10-21 12:57:35.465+0000: --- STARTUP diagnostics for KernelDiagnostics:Versions START ---
2012-10-21 12:57:35.466+0000: Graph Database: org.neo4j.kernel.EmbeddedGraphDatabase StoreId[time:1350824254735, id:-6245592446761399770, store version: 13561656364791302]
2012-10-21 12:57:35.466+0000: Kernel version: Neo4j - Graph Database Kernel 1.8
2012-10-21 12:57:35.466+0000: Neo4j component versions:
2012-10-21 12:57:35.469+0000:   Neo4j - Graph Database Kernel 1.8
2012-10-21 12:57:35.469+0000: --- STARTUP diagnostics for KernelDiagnostics:Versions END ---
2012-10-21 12:57:35.473+0000: --- STARTUP diagnostics for NEO_STORE_VERSIONS START ---
2012-10-21 12:57:35.474+0000: Store versions:
    Store versions:
      NeoStore v0.A.0
      NodeStore v0.A.0
      RelationshipStore v0.A.0
      RelationshipTypeStore v0.A.0
      PropertyStore v0.A.0
      PropertyIndexStore v0.A.0
      StringPropertyStore v0.A.0
      ArrayPropertyStore v0.A.0
2012-10-21 12:57:35.474+0000: --- STARTUP diagnostics for NEO_STORE_VERSIONS END ---
2012-10-21 12:57:35.475+0000: --- STARTUP diagnostics for NEO_STORE_ID_USAGE START ---
2012-10-21 12:57:35.475+0000: Id usage:
    Id usage:
      NodeStore: used=1 high=0
      RelationshipStore: used=0 high=-1
      RelationshipTypeStore: used=0 high=-1
      PropertyStore: used=0 high=-1
      PropertyIndexStore: used=0 high=-1
      StringPropertyStore: used=1 high=0
      ArrayPropertyStore: used=1 high=0
2012-10-21 12:57:35.477+0000: --- STARTUP diagnostics for NEO_STORE_ID_USAGE END ---
2012-10-21 12:57:35.477+0000: --- STARTUP diagnostics for PERSISTENCE_WINDOW_POOL_STATS START ---
2012-10-21 12:57:35.477+0000: --- STARTUP diagnostics for PERSISTENCE_WINDOW_POOL_STATS END ---
2012-10-21 12:57:35.478+0000: --- STARTUP diagnostics for KernelDiagnostics:StoreFiles START ---
2012-10-21 12:57:35.481+0000: Disk space on partition (Total / Free / Free %): 229477896192 / 84421767168 / 63
Storage files: (filename : modification date - size)
      active_tx_log: 2012-10-21T13:57:35+0100 - 11.00 B
      index:
        lucene-store.db: 2012-10-21T13:57:35+0100 - 40.00 B
        lucene.log.1: 2012-10-21T13:57:35+0100 - 16.00 B
        lucene.log.active: 2012-10-21T13:57:35+0100 - 4.00 B
      - Total: 2012-10-21T13:57:35+0100 - 60.00 B
      lock: 2012-10-21T13:57:35+0100 - 0.00 B
      messages.log: 2012-10-21T13:57:34+0100 - 20.22 kB
      neostore: 2012-10-21T13:57:35+0100 - 54.00 B
      neostore.id: 2012-10-21T13:57:35+0100 - 9.00 B
      neostore.nodestore.db: 2012-10-21T13:57:35+0100 - 9.00 B
      neostore.nodestore.db.id: 2012-10-21T13:57:35+0100 - 9.00 B
      neostore.propertystore.db: 2012-10-21T13:57:35+0100 - 0.00 B
      neostore.propertystore.db.arrays: 2012-10-21T13:57:35+0100 - 128.00 B
      neostore.propertystore.db.arrays.id: 2012-10-21T13:57:34+0100 - 9.00 B
      neostore.propertystore.db.id: 2012-10-21T13:57:34+0100 - 9.00 B
      neostore.propertystore.db.index: 2012-10-21T13:57:35+0100 - 0.00 B
      neostore.propertystore.db.index.id: 2012-10-21T13:57:34+0100 - 9.00 B
      neostore.propertystore.db.index.keys: 2012-10-21T13:57:35+0100 - 38.00 B
      neostore.propertystore.db.index.keys.id: 2012-10-21T13:57:34+0100 - 9.00 B
      neostore.propertystore.db.strings: 2012-10-21T13:57:35+0100 - 128.00 B
      neostore.propertystore.db.strings.id: 2012-10-21T13:57:34+0100 - 9.00 B
      neostore.relationshipstore.db: 2012-10-21T13:57:35+0100 - 0.00 B
      neostore.relationshipstore.db.id: 2012-10-21T13:57:35+0100 - 9.00 B
      neostore.relationshiptypestore.db: 2012-10-21T13:57:35+0100 - 0.00 B
      neostore.relationshiptypestore.db.id: 2012-10-21T13:57:34+0100 - 9.00 B
      neostore.relationshiptypestore.db.names: 2012-10-21T13:57:35+0100 - 38.00 B
      neostore.relationshiptypestore.db.names.id: 2012-10-21T13:57:34+0100 - 9.00 B
      nioneo_logical.log.1: 2012-10-21T13:57:35+0100 - 16.00 B
      nioneo_logical.log.active: 2012-10-21T13:57:35+0100 - 4.00 B
      tm_tx_log.1: 2012-10-21T13:57:35+0100 - 0.00 B
2012-10-21 12:57:35.500+0000: --- STARTUP diagnostics for KernelDiagnostics:StoreFiles END ---
2012-10-21 12:57:35.502+0000: Started - database is now available
2012-10-21 12:57:35.503+0000: Stopping - database is now unavailable
2012-10-21 12:57:35.504+0000: GC Monitor started. 
2012-10-21 12:57:35.504+0000: GC Monitor stopped. 
2012-10-21 12:57:35.504+0000: TM shutting down
2012-10-21 12:57:35.518+0000: Closed log C:\Users\Fusian\workspace\thirdyearproject\src\main\resources\data\index\lucene.log
2012-10-21 12:57:35.534+0000: Closed log C:\Users\Fusian\workspace\thirdyearproject\src\main\resources\data\nioneo_logical.log
2012-10-21 12:57:35.536+0000: C:\Users\Fusian\workspace\thirdyearproject\src\main\resources\data\neostore.relationshiptypestore.db.names hit=0 miss=0 switches=0 ooe=0
2012-10-21 12:57:35.541+0000: C:\Users\Fusian\workspace\thirdyearproject\src\main\resources\data\neostore.relationshiptypestore.db hit=0 miss=0 switches=0 ooe=0
2012-10-21 12:57:35.545+0000: C:\Users\Fusian\workspace\thirdyearproject\src\main\resources\data\neostore.propertystore.db.strings hit=0 miss=0 switches=0 ooe=0
2012-10-21 12:57:35.549+0000: C:\Users\Fusian\workspace\thirdyearproject\src\main\resources\data\neostore.propertystore.db.index.keys hit=0 miss=0 switches=0 ooe=0
2012-10-21 12:57:35.555+0000: C:\Users\Fusian\workspace\thirdyearproject\src\main\resources\data\neostore.propertystore.db.index hit=0 miss=0 switches=0 ooe=0
2012-10-21 12:57:35.560+0000: C:\Users\Fusian\workspace\thirdyearproject\src\main\resources\data\neostore.propertystore.db.arrays hit=0 miss=0 switches=0 ooe=0
2012-10-21 12:57:35.565+0000: C:\Users\Fusian\workspace\thirdyearproject\src\main\resources\data\neostore.propertystore.db hit=0 miss=0 switches=0 ooe=0
2012-10-21 12:57:35.571+0000: C:\Users\Fusian\workspace\thirdyearproject\src\main\resources\data\neostore.relationshipstore.db hit=0 miss=0 switches=0 ooe=0
2012-10-21 12:57:35.575+0000: C:\Users\Fusian\workspace\thirdyearproject\src\main\resources\data\neostore.nodestore.db hit=0 miss=0 switches=0 ooe=0
2012-10-21 12:57:35.582+0000: C:\Users\Fusian\workspace\thirdyearproject\src\main\resources\data\neostore hit=0 miss=16 switches=0 ooe=0
2012-10-21 12:57:35.587+0000: NeoStore closed
2012-10-21 12:57:35.587+0000: --- SHUTDOWN diagnostics START ---
2012-10-21 12:57:35.587+0000: --- SHUTDOWN diagnostics END ---
2012-10-21 12:58:20.642+0000: WARNING! Deprecated configuration options used. See manual for details
2012-10-21 12:58:20.650+0000: cannot configure writers and searchers individually since they go together
2012-10-21 12:58:20.790+0000: C:\Users\Fusian\workspace\thirdyearproject\src\main\resources\data\neostore.relationshiptypestore.db.names non clean shutdown detected
2012-10-21 12:58:20.798+0000: [C:\Users\Fusian\workspace\thirdyearproject\src\main\resources\data\neostore.relationshiptypestore.db.names] brickCount=0 brickSize=0b mappedMem=0b (storeSize=38b)
2012-10-21 12:58:20.804+0000: C:\Users\Fusian\workspace\thirdyearproject\src\main\resources\data\neostore.relationshiptypestore.db non clean shutdown detected
2012-10-21 12:58:20.804+0000: [C:\Users\Fusian\workspace\thirdyearproject\src\main\resources\data\neostore.relationshiptypestore.db] brickCount=0 brickSize=0b mappedMem=0b (storeSize=0b)
2012-10-21 12:58:20.805+0000: C:\Users\Fusian\workspace\thirdyearproject\src\main\resources\data\neostore.propertystore.db.strings non clean shutdown detected
2012-10-21 12:58:20.806+0000: [C:\Users\Fusian\workspace\thirdyearproject\src\main\resources\data\neostore.propertystore.db.strings] brickCount=0 brickSize=12544b mappedMem=12582912b (storeSize=128b)
2012-10-21 12:58:20.807+0000: C:\Users\Fusian\workspace\thirdyearproject\src\main\resources\data\neostore.propertystore.db.index.keys non clean shutdown detected
2012-10-21 12:58:20.808+0000: [C:\Users\Fusian\workspace\thirdyearproject\src\main\resources\data\neostore.propertystore.db.index.keys] brickCount=0 brickSize=1026b mappedMem=1048576b (storeSize=38b)
2012-10-21 12:58:20.810+0000: C:\Users\Fusian\workspace\thirdyearproject\src\main\resources\data\neostore.propertystore.db.index non clean shutdown detected
2012-10-21 12:58:20.811+0000: [C:\Users\Fusian\workspace\thirdyearproject\src\main\resources\data\neostore.propertystore.db.index] brickCount=0 brickSize=10485b mappedMem=1048576b (storeSize=0b)
2012-10-21 12:58:20.813+0000: C:\Users\Fusian\workspace\thirdyearproject\src\main\resources\data\neostore.propertystore.db.arrays non clean shutdown detected
2012-10-21 12:58:20.814+0000: [C:\Users\Fusian\workspace\thirdyearproject\src\main\resources\data\neostore.propertystore.db.arrays] brickCount=0 brickSize=14592b mappedMem=14680064b (storeSize=128b)
2012-10-21 12:58:20.827+0000: C:\Users\Fusian\workspace\thirdyearproject\src\main\resources\data\neostore.propertystore.db non clean shutdown detected
2012-10-21 12:58:20.828+0000: [C:\Users\Fusian\workspace\thirdyearproject\src\main\resources\data\neostore.propertystore.db] brickCount=0 brickSize=157276b mappedMem=15728640b (storeSize=0b)
2012-10-21 12:58:20.831+0000: C:\Users\Fusian\workspace\thirdyearproject\src\main\resources\data\neostore.relationshipstore.db non clean shutdown detected
2012-10-21 12:58:20.832+0000: [C:\Users\Fusian\workspace\thirdyearproject\src\main\resources\data\neostore.relationshipstore.db] brickCount=0 brickSize=188727b mappedMem=18874368b (storeSize=0b)
2012-10-21 12:58:20.835+0000: C:\Users\Fusian\workspace\thirdyearproject\src\main\resources\data\neostore.nodestore.db non clean shutdown detected
2012-10-21 12:58:20.836+0000: [C:\Users\Fusian\workspace\thirdyearproject\src\main\resources\data\neostore.nodestore.db] brickCount=0 brickSize=4194b mappedMem=4194304b (storeSize=9b)
2012-10-21 12:58:20.841+0000: C:\Users\Fusian\workspace\thirdyearproject\src\main\resources\data\neostore non clean shutdown detected
2012-10-21 12:58:20.842+0000: [C:\Users\Fusian\workspace\thirdyearproject\src\main\resources\data\neostore] brickCount=0 brickSize=0b mappedMem=0b (storeSize=54b)
2012-10-21 12:58:20.881+0000: Opened logical log [C:\Users\Fusian\workspace\thirdyearproject\src\main\resources\data\nioneo_logical.log.1] version=1, lastTxId=1 (clean)
2012-10-21 12:58:20.896+0000: C:\Users\Fusian\workspace\thirdyearproject\src\main\resources\data\neostore.relationshiptypestore.db.names rebuild id generator, highId=1 defragged count=0
2012-10-21 12:58:20.985+0000: C:\Users\Fusian\workspace\thirdyearproject\src\main\resources\data\neostore.propertystore.db.index.keys rebuild id generator, highId=1 defragged count=0
2012-10-21 12:58:21.049+0000: C:\Users\Fusian\workspace\thirdyearproject\src\main\resources\data\neostore.propertystore.db.index rebuild id generator, highId=1 defragged count=0
2012-10-21 12:58:21.067+0000: C:\Users\Fusian\workspace\thirdyearproject\src\main\resources\data\neostore.propertystore.db.strings rebuild id generator, highId=1 defragged count=0
2012-10-21 12:58:21.081+0000: C:\Users\Fusian\workspace\thirdyearproject\src\main\resources\data\neostore.propertystore.db.arrays rebuild id generator, highId=1 defragged count=0
2012-10-21 12:58:21.094+0000: C:\Users\Fusian\workspace\thirdyearproject\src\main\resources\data\neostore.propertystore.db rebuild id generator, highId=1 defragged count=0
2012-10-21 12:58:21.107+0000: C:\Users\Fusian\workspace\thirdyearproject\src\main\resources\data\neostore.relationshipstore.db rebuild id generator, highId=1 defragged count=0
2012-10-21 12:58:21.120+0000: C:\Users\Fusian\workspace\thirdyearproject\src\main\resources\data\neostore.nodestore.db rebuild id generator, highId=1 defragged count=0
2012-10-21 12:58:21.134+0000: C:\Users\Fusian\workspace\thirdyearproject\src\main\resources\data\neostore rebuild id generator, highId=6 defragged count=0
2012-10-21 12:58:21.154+0000: TM opening log: C:\Users\Fusian\workspace\thirdyearproject\src\main\resources\data\tm_tx_log.1
2012-10-21 12:58:21.199+0000: Opened logical log [C:\Users\Fusian\workspace\thirdyearproject\src\main\resources\data\index\lucene.log.1] version=1, lastTxId=1 (clean)
2012-10-21 12:58:21.206+0000: --- STARTUP diagnostics START ---
2012-10-21 12:58:21.210+0000: Neo4j Kernel properties:
    forced_kernel_id=
    read_only=false
    neo4j.ext.udc.host=udc.neo4j.org
    logical_log=nioneo_logical.log
    node_auto_indexing=false
    intercept_committing_transactions=false
    remote_shell_name=shell
    cache_type=soft
    intercept_deserialized_transactions=false
    lucene_searcher_cache_size=2147483647
    neo4j.ext.udc.interval=86400000
    use_memory_mapped_buffers=false
    rebuild_idgenerators_fast=true
    neostore.propertystore.db.index.keys.mapped_memory=1M
    neostore.propertystore.db.arrays.mapped_memory=14M
    neostore.propertystore.db.strings.mapped_memory=12M
    gcr_cache_min_log_interval=60s
    relationship_grab_size=100
    relationship_auto_indexing=false
    remote_shell_read_only=false
    node_cache_array_fraction=1.0
    allow_store_upgrade=false
    execution_guard_enabled=false
    relationship_cache_array_fraction=1.0
    remote_logging_host=127.0.0.1
    store_dir=C:/Users/Fusian/workspace/thirdyearproject/src/main/resources/data
    online_backup_enabled=false
    remote_logging_port=4560
    gc_monitor_threshold=200ms
    array_block_size=120
    load_kernel_extensions=true
    neostore.relationshipstore.db.mapped_memory=18M
    keep_logical_logs=true
    dump_configuration=false
    gc_monitor_wait_time=100ms
    neostore.nodestore.db.mapped_memory=4M
    neo4j.ext.udc.first_delay=600000
    remote_shell_enabled=false
    neo4j.ext.udc.reg=unreg
    remote_shell_port=1337
    ephemeral=false
    neo_store=neostore
    logging.threshold_for_rotation=104857600
    neostore.propertystore.db.index.mapped_memory=1M
    backup_slave=false
    neostore.propertystore.db.mapped_memory=15M
    string_block_size=120
    grab_file_lock=true
    remote_logging_enabled=false
    neo4j.ext.udc.enabled=true
    online_backup_port=6362
2012-10-21 12:58:21.217+0000: Diagnostics providers:
    org.neo4j.kernel.configuration.Config
    org.neo4j.kernel.info.DiagnosticsManager
    SYSTEM_MEMORY
    JAVA_MEMORY
    OPERATING_SYSTEM
    JAVA_VIRTUAL_MACHINE
    CLASSPATH
    LIBRARY_PATH
    SYSTEM_PROPERTIES
    NETWORK
2012-10-21 12:58:21.218+0000: System memory information:
    Total Physical memory: 2.96 GB
    Free Physical memory: 1.17 GB
    Committed virtual memory: 44.20 MB
    Total swap space: 4.00 GB
    Free swap space: 3.13 GB
2012-10-21 12:58:21.228+0000: JVM memory information:
    Free  memory: 14.93 MB
    Total memory: 15.50 MB
    Max   memory: 247.50 MB
    Garbage Collector: Copy: [Eden Space, Survivor Space]
    Garbage Collector: MarkSweepCompact: [Eden Space, Survivor Space, Tenured Gen, Perm Gen, Perm Gen [shared-ro], Perm Gen [shared-rw]]
    Memory Pool: Code Cache (Non-heap memory): committed=672.00 kB, used=665.94 kB, max=32.00 MB, threshold=0.00 B
    Memory Pool: Eden Space (Heap memory): committed=4.31 MB, used=75.30 kB, max=68.31 MB, threshold=?
    Memory Pool: Survivor Space (Heap memory): committed=512.00 kB, used=240.44 kB, max=8.50 MB, threshold=?
    Memory Pool: Tenured Gen (Heap memory): committed=10.69 MB, used=265.30 kB, max=170.69 MB, threshold=0.00 B
    Memory Pool: Perm Gen (Non-heap memory): committed=12.00 MB, used=2.48 MB, max=64.00 MB, threshold=0.00 B
    Memory Pool: Perm Gen [shared-ro] (Non-heap memory): committed=10.00 MB, used=5.48 MB, max=10.00 MB, threshold=0.00 B
    Memory Pool: Perm Gen [shared-rw] (Non-heap memory): committed=12.00 MB, used=6.62 MB, max=12.00 MB, threshold=0.00 B
2012-10-21 12:58:21.237+0000: Operating system information:
    Operating System: Windows 7; version: 6.1; arch: x86; cpus: 2
    Process id: 5992@Fusian-PC
    Byte order: LITTLE_ENDIAN
    Local timezone: Europe/London
2012-10-21 12:58:21.257+0000: JVM information:
    VM Name: Java HotSpot(TM) Client VM
    VM Vendor: Sun Microsystems Inc.
    VM Version: 17.0-b17
    JIT compiler: HotSpot Client Compiler
    VM Arguments: [-Dfile.encoding=Cp1252]
2012-10-21 12:58:21.258+0000: Java classpath:
     [classpath + loader.0] file:/C:/Users/Fusian/.m2/repository/org/neo4j/neo4j-lucene-index/1.8/neo4j-lucene-index-1.8.jar
     [classpath + loader.0] file:/C:/Users/Fusian/.m2/repository/org/neo4j/neo4j-graph-matching/1.8/neo4j-graph-matching-1.8.jar
     [bootstrap] C:\Program Files (x86)\Java\jdk1.6.0_21\jre\lib\jce.jar
     [classpath + loader.0] file:/C:/Users/Fusian/Documents/pq/neo4j-community-1.8/lib/neo4j-graph-matching-1.8.jar
     [classpath + loader.0] file:/C:/Users/Fusian/Documents/pq/neo4j-community-1.8/lib/neo4j-graph-algo-1.8.jar
     [bootstrap] C:\Program Files (x86)\Java\jdk1.6.0_21\jre\lib\charsets.jar
     [bootstrap] C:\Program Files (x86)\Java\jdk1.6.0_21\jre\lib\rt.jar
     [classpath + loader.0] file:/C:/Users/Fusian/.m2/repository/org/neo4j/neo4j-udc/1.8/neo4j-udc-1.8.jar
     [classpath + loader.0] file:/C:/Users/Fusian/.m2/repository/org/apache/geronimo/specs/geronimo-jta_1.1_spec/1.1.1/geronimo-jta_1.1_spec-1.1.1.jar
     [classpath + loader.0] file:/C:/Users/Fusian/workspace/thirdyearproject/target/classes/
     [classpath + loader.0] file:/C:/Users/Fusian/.m2/repository/org/neo4j/neo4j-graph-algo/1.8/neo4j-graph-algo-1.8.jar
     [classpath + loader.0] file:/C:/Users/Fusian/.m2/repository/org/apache/lucene/lucene-core/3.5.0/lucene-core-3.5.0.jar
     [classpath + loader.0] file:/C:/Users/Fusian/.m2/repository/org/neo4j/neo4j/1.8/neo4j-1.8.jar
     [classpath + loader.0] file:/C:/Users/Fusian/Documents/pq/neo4j-community-1.8/lib/neo4j-lucene-index-1.8.jar
     [bootstrap] C:\Program Files (x86)\Java\jdk1.6.0_21\jre\classes
     [classpath + loader.0] file:/C:/Users/Fusian/Documents/pq/neo4j-community-1.8/lib/neo4j-udc-1.8.jar
     [classpath + loader.0] file:/C:/Users/Fusian/Documents/pq/neo4j-community-1.8/lib/neo4j-jmx-1.8.jar
     [loader.1] file:/C:/Program%20Files%20(x86)/Java/jdk1.6.0_21/jre/lib/ext/sunpkcs11.jar
     [classpath + loader.0] file:/C:/Users/Fusian/Documents/pq/neo4j-community-1.8/lib/neo4j-cypher-1.8.jar
     [classpath + loader.0] file:/C:/Users/Fusian/Documents/pq/neo4j-community-1.8/lib/lucene-core-3.5.0.jar
     [bootstrap] C:\Program Files (x86)\Java\jdk1.6.0_21\jre\lib\sunrsasign.jar
     [classpath + loader.0] file:/C:/Users/Fusian/Documents/pq/neo4j-community-1.8/lib/neo4j-shell-1.8.jar
     [bootstrap] C:\Program Files (x86)\Java\jdk1.6.0_21\jre\lib\jsse.jar
     [classpath + loader.0] file:/C:/Users/Fusian/Documents/pq/neo4j-community-1.8/lib/org.apache.servicemix.bundles.jline-0.9.94_1.jar
     [classpath + loader.0] file:/C:/Users/Fusian/Documents/pq/neo4j-community-1.8/lib/server-api-1.8.jar
     [bootstrap] C:\Program Files (x86)\Java\jdk1.6.0_21\jre\lib\resources.jar
     [loader.1] file:/C:/Program%20Files%20(x86)/Java/jdk1.6.0_21/jre/lib/ext/dnsns.jar
     [classpath + loader.0] file:/C:/Users/Fusian/.m2/repository/org/scala-lang/scala-library/2.9.1-1/scala-library-2.9.1-1.jar
     [loader.1] file:/C:/Program%20Files%20(x86)/Java/jdk1.6.0_21/jre/lib/ext/sunjce_provider.jar
     [classpath + loader.0] file:/C:/Users/Fusian/Documents/pq/neo4j-community-1.8/lib/neo4j-kernel-1.8.jar
     [loader.1] file:/C:/Program%20Files%20(x86)/Java/jdk1.6.0_21/jre/lib/ext/sunmscapi.jar
     [loader.1] file:/C:/Program%20Files%20(x86)/Java/jdk1.6.0_21/jre/lib/ext/localedata.jar
     [classpath + loader.0] file:/C:/Users/Fusian/.m2/repository/org/neo4j/neo4j-kernel/1.8/neo4j-kernel-1.8.jar
     [classpath + loader.0] file:/C:/Users/Fusian/Documents/pq/neo4j-community-1.8/lib/scala-library-2.9.1-1.jar
     [classpath + loader.0] file:/C:/Users/Fusian/.m2/repository/org/neo4j/neo4j-jmx/1.8/neo4j-jmx-1.8.jar
     [classpath + loader.0] file:/C:/Users/Fusian/.m2/repository/org/neo4j/neo4j-cypher/1.8/neo4j-cypher-1.8.jar
     [classpath + loader.0] file:/C:/Users/Fusian/Documents/pq/neo4j-community-1.8/lib/geronimo-jta_1.1_spec-1.1.1.jar
2012-10-21 12:58:21.277+0000: Library path:
    C:\Program Files (x86)\Java\jdk1.6.0_21\bin
    C:\Users\Fusian\workspace\thirdyearproject
    C:\Windows\Sun\Java\bin
    C:\Windows\System32
    C:\Windows
    C:\Program Files (x86)\Java\jdk1.6.0_21\jre\bin\client
    C:\Program Files (x86)\Java\jdk1.6.0_21\jre\bin
    C:\Program Files (x86)\Java\jdk1.6.0_21\jre\lib\i386
    C:\dev\progs\PHP
    C:\Program Files\Common Files\Microsoft Shared\Windows Live
    C:\Program Files (x86)\Common Files\microsoft shared\Windows Live
    C:\Program Files (x86)\Java\jdk1.6.0_21\bin
    C:\Program Files\MATLAB\R2011a\runtime\win64
    C:\Program Files\MATLAB\R2011a\bin
    C:\dev\progs\MySQL\bin
    C:\Program Files (x86)\Windows Live\Shared
    C:\Program Files\maven\apache-maven-3.0.4\bin
    C:\Users\Fusian\Documents\eclipse
2012-10-21 12:58:21.287+0000: System.properties:
    sun.boot.library.path = C:\Program Files (x86)\Java\jdk1.6.0_21\jre\bin
    path.separator = ;
    file.encoding.pkg = sun.io
    sun.java.launcher = SUN_STANDARD
    user.country = GB
    sun.os.patch.level = 
    user.dir = C:\Users\Fusian\workspace\thirdyearproject
    user.variant = 
    sun.jnu.encoding = Cp1252
    sun.management.compiler = HotSpot Client Compiler
    user.home = C:\Users\Fusian
    user.timezone = Europe/London
    file.encoding = Cp1252
    user.name = Fusian
    sun.arch.data.model = 32
    user.language = en
    awt.toolkit = sun.awt.windows.WToolkit
    file.separator = \
    sun.io.unicode.encoding = UnicodeLittle
    sun.cpu.endian = little
    sun.desktop = windows
    sun.cpu.isalist = pentium_pro+mmx pentium_pro pentium+mmx pentium i486 i386 i86
2012-10-21 12:58:21.288+0000: Network information:
    Interface Software Loopback Interface 1:
        address: 0:0:0:0:0:0:0:1
        address: 127.0.0.1
    Interface WAN Miniport (SSTP):
    Interface WAN Miniport (IKEv2):
    Interface WAN Miniport (L2TP):
    Interface WAN Miniport (PPTP):
    Interface WAN Miniport (PPPOE):
    Interface WAN Miniport (IPv6):
    Interface WAN Miniport (Network Monitor):
    Interface WAN Miniport (IP):
    Interface RAS Async Adapter:
    Interface Marvell Yukon 88E8040 PCI-E Fast Ethernet Controller:
        address: fe80:0:0:0:712e:e497:8b09:4e89%11
    Interface Dell Wireless 1397 WLAN Mini-Card:
        address: fe80:0:0:0:4566:5c77:66f7:2933%12
        address: 192.168.0.5
    Interface Teredo Tunneling Pseudo-Interface:
    Interface Microsoft 6to4 Adapter:
    Interface Microsoft 6to4 Adapter #2:
    Interface PdaNet Broadband Adapter:
    Interface Microsoft ISATAP Adapter:
    Interface Teredo Tunneling Pseudo-Interface:
        address: 2001:0:5ef5:79fb:1cda:6f2:a9e6:46de
        address: fe80:0:0:0:1cda:6f2:a9e6:46de%18
    Interface Microsoft ISATAP Adapter #2:
        address: fe80:0:0:0:0:5efe:c0a8:5%19
    Interface Microsoft ISATAP Adapter #3:
    Interface Dell Wireless 1397 WLAN Mini-Card-Virtual WiFi Filter Driver-0000:
    Interface Dell Wireless 1397 WLAN Mini-Card-QoS Packet Scheduler-0000:
    Interface Marvell Yukon 88E8040 PCI-E Fast Ethernet Controller-QoS Packet Scheduler-0000:
    Interface Marvell Yukon 88E8040 PCI-E Fast Ethernet Controller-WFP LightWeight Filter-0000:
    Interface WAN Miniport (IPv6)-QoS Packet Scheduler-0000:
    Interface WAN Miniport (IP)-QoS Packet Scheduler-0000:
    Interface WAN Miniport (Network Monitor)-QoS Packet Scheduler-0000:
    Interface Dell Wireless 1397 WLAN Mini-Card-Native WiFi Filter Driver-0000:
    Interface Dell Wireless 1397 WLAN Mini-Card-WFP LightWeight Filter-0000:
2012-10-21 12:58:21.306+0000: --- STARTUP diagnostics END ---
2012-10-21 12:58:21.394+0000: Extension org.neo4j.kernel.KernelExtension[kernel jmx] loaded ok
2012-10-21 12:58:21.399+0000: Extension org.neo4j.kernel.KernelExtension[kernel udc] loaded ok
2012-10-21 12:58:21.401+0000: Extension org.neo4j.kernel.KernelExtension[shell] loaded ok
2012-10-21 12:58:21.407+0000: --- STARTUP diagnostics for KernelDiagnostics:Versions START ---
2012-10-21 12:58:21.408+0000: Graph Database: org.neo4j.kernel.EmbeddedGraphDatabase StoreId[time:1350824254735, id:-6245592446761399770, store version: 13561656364791302]
2012-10-21 12:58:21.408+0000: Kernel version: Neo4j - Graph Database Kernel 1.8
2012-10-21 12:58:21.408+0000: Neo4j component versions:
2012-10-21 12:58:21.410+0000:   Neo4j - Graph Database Kernel 1.8
2012-10-21 12:58:21.410+0000: --- STARTUP diagnostics for KernelDiagnostics:Versions END ---
2012-10-21 12:58:21.414+0000: --- STARTUP diagnostics for NEO_STORE_VERSIONS START ---
2012-10-21 12:58:21.415+0000: Store versions:
    Store versions:
      NeoStore v0.A.0
      NodeStore v0.A.0
      RelationshipStore v0.A.0
      RelationshipTypeStore v0.A.0
      PropertyStore v0.A.0
      PropertyIndexStore v0.A.0
      StringPropertyStore v0.A.0
      ArrayPropertyStore v0.A.0
2012-10-21 12:58:21.415+0000: --- STARTUP diagnostics for NEO_STORE_VERSIONS END ---
2012-10-21 12:58:21.416+0000: --- STARTUP diagnostics for NEO_STORE_ID_USAGE START ---
2012-10-21 12:58:21.416+0000: Id usage:
    Id usage:
      NodeStore: used=1 high=0
      RelationshipStore: used=1 high=0
      RelationshipTypeStore: used=0 high=-1
      PropertyStore: used=1 high=0
      PropertyIndexStore: used=1 high=0
      StringPropertyStore: used=1 high=0
      ArrayPropertyStore: used=1 high=0
2012-10-21 12:58:21.417+0000: --- STARTUP diagnostics for NEO_STORE_ID_USAGE END ---
2012-10-21 12:58:21.417+0000: --- STARTUP diagnostics for PERSISTENCE_WINDOW_POOL_STATS START ---
2012-10-21 12:58:21.417+0000: --- STARTUP diagnostics for PERSISTENCE_WINDOW_POOL_STATS END ---
2012-10-21 12:58:21.418+0000: --- STARTUP diagnostics for KernelDiagnostics:StoreFiles START ---
2012-10-21 12:58:21.422+0000: Disk space on partition (Total / Free / Free %): 229477896192 / 84426190848 / 63
Storage files: (filename : modification date - size)
      active_tx_log: 2012-10-21T13:57:35+0100 - 11.00 B
      index:
        lucene:
          node:
            ids:
              _0.fdt: 2012-10-21T13:57:45+0100 - 2.18 MB
              _0.fdx: 2012-10-21T13:57:45+0100 - 1.00 MB
              _0.fnm: 2012-10-21T13:57:46+0100 - 16.00 B
              _0.frq: 2012-10-21T13:57:46+0100 - 751.88 kB
              _0.nrm: 2012-10-21T13:57:46+0100 - 256.00 kB
              _0.prx: 2012-10-21T13:57:46+0100 - 256.00 kB
              _0.tii: 2012-10-21T13:57:46+0100 - 26.09 kB
              _0.tis: 2012-10-21T13:57:46+0100 - 1.75 MB
              _1.fdt: 2012-10-21T13:57:53+0100 - 1.70 MB
              _1.fdx: 2012-10-21T13:57:53+0100 - 736.00 kB
            - Total: 2012-10-21T13:58:21+0100 - 8.61 MB
          - Total: 2012-10-21T13:57:35+0100 - 8.61 MB
        - Total: 2012-10-21T13:57:35+0100 - 8.61 MB
        lucene-store.db: 2012-10-21T13:57:35+0100 - 40.00 B
        lucene.log.1: 2012-10-21T13:58:21+0100 - 16.00 B
        lucene.log.active: 2012-10-21T13:58:21+0100 - 4.00 B
        lucene.log.v0: 2012-10-21T13:57:35+0100 - 16.00 B
      - Total: 2012-10-21T13:58:21+0100 - 8.61 MB
      index.db: 2012-10-21T13:57:35+0100 - 99.00 B
      lock: 2012-10-21T13:57:35+0100 - 0.00 B
      messages.log: 2012-10-21T13:57:35+0100 - 43.91 kB
      neostore: 2012-10-21T13:57:35+0100 - 54.00 B
      neostore.id: 2012-10-21T13:58:21+0100 - 9.00 B
      neostore.nodestore.db: 2012-10-21T13:57:35+0100 - 9.00 B
      neostore.nodestore.db.id: 2012-10-21T13:58:21+0100 - 9.00 B
      neostore.propertystore.db: 2012-10-21T13:57:35+0100 - 0.00 B
      neostore.propertystore.db.arrays: 2012-10-21T13:57:35+0100 - 128.00 B
      neostore.propertystore.db.arrays.id: 2012-10-21T13:58:21+0100 - 9.00 B
      neostore.propertystore.db.id: 2012-10-21T13:58:21+0100 - 9.00 B
      neostore.propertystore.db.index: 2012-10-21T13:57:35+0100 - 0.00 B
      neostore.propertystore.db.index.id: 2012-10-21T13:58:21+0100 - 9.00 B
      neostore.propertystore.db.index.keys: 2012-10-21T13:57:35+0100 - 38.00 B
      neostore.propertystore.db.index.keys.id: 2012-10-21T13:58:20+0100 - 9.00 B
      neostore.propertystore.db.strings: 2012-10-21T13:57:35+0100 - 128.00 B
      neostore.propertystore.db.strings.id: 2012-10-21T13:58:21+0100 - 9.00 B
      neostore.relationshipstore.db: 2012-10-21T13:57:35+0100 - 0.00 B
      neostore.relationshipstore.db.id: 2012-10-21T13:58:21+0100 - 9.00 B
      neostore.relationshiptypestore.db: 2012-10-21T13:58:20+0100 - 0.00 B
      neostore.relationshiptypestore.db.id: 2012-10-21T13:58:20+0100 - 9.00 B
      neostore.relationshiptypestore.db.names: 2012-10-21T13:57:35+0100 - 38.00 B
      neostore.relationshiptypestore.db.names.id: 2012-10-21T13:58:20+0100 - 9.00 B
      nioneo_logical.log.1: 2012-10-21T13:58:20+0100 - 16.00 B
      nioneo_logical.log.active: 2012-10-21T13:58:20+0100 - 4.00 B
      nioneo_logical.log.v0: 2012-10-21T13:57:35+0100 - 16.00 B
      tm_tx_log.1: 2012-10-21T13:58:21+0100 - 0.00 B
2012-10-21 12:58:21.449+0000: --- STARTUP diagnostics for KernelDiagnostics:StoreFiles END ---
2012-10-21 12:58:21.452+0000: Started - database is now available
2012-10-21 12:58:21.452+0000: Stopping - database is now unavailable
2012-10-21 12:58:21.454+0000: GC Monitor started. 
2012-10-21 12:58:21.455+0000: GC Monitor stopped. 
2012-10-21 12:58:21.462+0000: TM shutting down
2012-10-21 12:58:21.476+0000: Closed log C:\Users\Fusian\workspace\thirdyearproject\src\main\resources\data\index\lucene.log
2012-10-21 12:58:21.494+0000: Closed log C:\Users\Fusian\workspace\thirdyearproject\src\main\resources\data\nioneo_logical.log
2012-10-21 12:58:21.495+0000: C:\Users\Fusian\workspace\thirdyearproject\src\main\resources\data\neostore.relationshiptypestore.db.names hit=0 miss=0 switches=0 ooe=0
2012-10-21 12:58:21.499+0000: C:\Users\Fusian\workspace\thirdyearproject\src\main\resources\data\neostore.relationshiptypestore.db hit=0 miss=0 switches=0 ooe=0
2012-10-21 12:58:21.502+0000: C:\Users\Fusian\workspace\thirdyearproject\src\main\resources\data\neostore.propertystore.db.strings hit=0 miss=0 switches=0 ooe=0
2012-10-21 12:58:21.506+0000: C:\Users\Fusian\workspace\thirdyearproject\src\main\resources\data\neostore.propertystore.db.index.keys hit=0 miss=0 switches=0 ooe=0
2012-10-21 12:58:21.510+0000: C:\Users\Fusian\workspace\thirdyearproject\src\main\resources\data\neostore.propertystore.db.index hit=1 miss=0 switches=0 ooe=0
2012-10-21 12:58:21.514+0000: C:\Users\Fusian\workspace\thirdyearproject\src\main\resources\data\neostore.propertystore.db.arrays hit=0 miss=0 switches=0 ooe=0
2012-10-21 12:58:21.518+0000: C:\Users\Fusian\workspace\thirdyearproject\src\main\resources\data\neostore.propertystore.db hit=0 miss=0 switches=0 ooe=0
2012-10-21 12:58:21.522+0000: C:\Users\Fusian\workspace\thirdyearproject\src\main\resources\data\neostore.relationshipstore.db hit=0 miss=0 switches=0 ooe=0
2012-10-21 12:58:21.526+0000: C:\Users\Fusian\workspace\thirdyearproject\src\main\resources\data\neostore.nodestore.db hit=0 miss=0 switches=0 ooe=0
2012-10-21 12:58:21.530+0000: C:\Users\Fusian\workspace\thirdyearproject\src\main\resources\data\neostore hit=0 miss=16 switches=0 ooe=0
2012-10-21 12:58:21.535+0000: NeoStore closed
2012-10-21 12:58:21.535+0000: --- SHUTDOWN diagnostics START ---
2012-10-21 12:58:21.535+0000: --- SHUTDOWN diagnostics END ---
2012-10-21 12:58:21.556+0000: Thread[main,5,main] Starting BatchInserter(EmbeddedBatchInserter[C:/Users/Fusian/workspace/thirdyearproject/src/main/resources/data])
2012-10-21 12:59:31.756+0000: Thread[main,5,main] Clean shutdown on BatchInserter(EmbeddedBatchInserter[C:/Users/Fusian/workspace/thirdyearproject/src/main/resources/data])
